<?xml version="1.0" encoding="UTF-8"?>
<testsuite name="springng.DemoSpringNgApplicationTests" tests="1" skipped="0" failures="0" errors="0" timestamp="2015-06-11T05:35:46" hostname="Asus-PC" time="0.008">
  <properties/>
  <testcase name="contextLoads" classname="springng.DemoSpringNgApplicationTests" time="0.008"/>
  <system-out><![CDATA[00:35:37.003 [Test worker] DEBUG o.s.t.c.j.SpringJUnit4ClassRunner - SpringJUnit4ClassRunner constructor called with [class springng.DemoSpringNgApplicationTests].
00:35:37.050 [Test worker] DEBUG o.s.test.context.BootstrapUtils - Instantiating TestContextBootstrapper from class [org.springframework.test.context.web.WebTestContextBootstrapper]
00:35:37.084 [Test worker] DEBUG o.s.t.c.w.WebTestContextBootstrapper - Found explicit ContextLoader class [org.springframework.boot.test.SpringApplicationContextLoader] for context configuration attributes [ContextConfigurationAttributes@18228110 declaringClass = 'springng.DemoSpringNgApplicationTests', classes = '{class springng.DemoSpringNgApplication}', locations = '{}', inheritLocations = true, initializers = '{}', inheritInitializers = true, name = [null], contextLoaderClass = 'org.springframework.boot.test.SpringApplicationContextLoader']
00:35:37.100 [Test worker] DEBUG o.s.t.c.support.ActiveProfilesUtils - Could not find an 'annotation declaring class' for annotation type [org.springframework.test.context.ActiveProfiles] and class [springng.DemoSpringNgApplicationTests]
00:35:37.100 [Test worker] DEBUG o.s.t.c.w.WebTestContextBootstrapper - @TestExecutionListeners is not present for class [springng.DemoSpringNgApplicationTests]: using defaults.
00:35:37.115 [Test worker] INFO  o.s.t.c.w.WebTestContextBootstrapper - Loaded default TestExecutionListener class names from location [META-INF/spring.factories]: [org.springframework.test.context.web.ServletTestExecutionListener, org.springframework.test.context.support.DependencyInjectionTestExecutionListener, org.springframework.test.context.support.DirtiesContextTestExecutionListener, org.springframework.test.context.transaction.TransactionalTestExecutionListener, org.springframework.test.context.jdbc.SqlScriptsTestExecutionListener]
00:35:37.162 [Test worker] INFO  o.s.t.c.w.WebTestContextBootstrapper - Using TestExecutionListeners: [org.springframework.test.context.web.ServletTestExecutionListener@606bdd30, org.springframework.test.context.support.DependencyInjectionTestExecutionListener@36eadf84, org.springframework.test.context.support.DirtiesContextTestExecutionListener@3408005a, org.springframework.test.context.transaction.TransactionalTestExecutionListener@30ebd4b1, org.springframework.test.context.jdbc.SqlScriptsTestExecutionListener@ed71dc1]
00:35:37.162 [Test worker] DEBUG o.s.t.annotation.ProfileValueUtils - Retrieved @ProfileValueSourceConfiguration [null] for test class [springng.DemoSpringNgApplicationTests]
00:35:37.178 [Test worker] DEBUG o.s.t.annotation.ProfileValueUtils - Retrieved ProfileValueSource type [class org.springframework.test.annotation.SystemProfileValueSource] for class [springng.DemoSpringNgApplicationTests]
00:35:37.178 [Test worker] DEBUG o.s.t.annotation.ProfileValueUtils - Retrieved @ProfileValueSourceConfiguration [null] for test class [springng.DemoSpringNgApplicationTests]
00:35:37.178 [Test worker] DEBUG o.s.t.annotation.ProfileValueUtils - Retrieved ProfileValueSource type [class org.springframework.test.annotation.SystemProfileValueSource] for class [springng.DemoSpringNgApplicationTests]
00:35:37.178 [Test worker] DEBUG o.s.t.annotation.ProfileValueUtils - Retrieved @ProfileValueSourceConfiguration [null] for test class [springng.DemoSpringNgApplicationTests]
00:35:37.193 [Test worker] DEBUG o.s.t.annotation.ProfileValueUtils - Retrieved ProfileValueSource type [class org.springframework.test.annotation.SystemProfileValueSource] for class [springng.DemoSpringNgApplicationTests]
00:35:37.193 [Test worker] DEBUG o.s.t.annotation.ProfileValueUtils - Retrieved @ProfileValueSourceConfiguration [null] for test class [springng.DemoSpringNgApplicationTests]
00:35:37.193 [Test worker] DEBUG o.s.t.annotation.ProfileValueUtils - Retrieved ProfileValueSource type [class org.springframework.test.annotation.SystemProfileValueSource] for class [springng.DemoSpringNgApplicationTests]
00:35:37.318 [Test worker] DEBUG o.s.core.env.StandardEnvironment - Adding [systemProperties] PropertySource with lowest search precedence
00:35:37.334 [Test worker] DEBUG o.s.core.env.StandardEnvironment - Adding [systemEnvironment] PropertySource with lowest search precedence
00:35:37.334 [Test worker] DEBUG o.s.core.env.StandardEnvironment - Initialized StandardEnvironment with PropertySources [systemProperties,systemEnvironment]
00:35:37.334 [Test worker] DEBUG o.s.core.env.StandardEnvironment - Adding [integrationTest] PropertySource with search precedence immediately lower than [systemEnvironment]

  .   ____          _            __ _ _
 /\\ / ___'_ __ _ _(_)_ __  __ _ \ \ \ \
( ( )\___ | '_ | '_| | '_ \/ _` | \ \ \ \
 \\/  ___)| |_)| | | | | || (_| |  ) ) ) )
  '  |____| .__|_| |_|_| |_\__, | / / / /
 =========|_|==============|___/=/_/_/_/
 :: Spring Boot ::        (v1.2.4.RELEASE)

2015-06-11 00:35:37.725  INFO 5492 --- [    Test worker] springng.DemoSpringNgApplicationTests    : Starting DemoSpringNgApplicationTests on Asus-PC with PID 5492 (C:\Users\Asus\Documents\StsWorkspace\DemoSpringNg\build\classes\test started by Asus in C:\Users\Asus\Documents\StsWorkspace\DemoSpringNg)
2015-06-11 00:35:37.865  INFO 5492 --- [    Test worker] o.s.w.c.s.GenericWebApplicationContext   : Refreshing org.springframework.web.context.support.GenericWebApplicationContext@e583723: startup date [Thu Jun 11 00:35:37 CDT 2015]; root of context hierarchy
2015-06-11 00:35:39.485  INFO 5492 --- [    Test worker] o.s.b.f.s.DefaultListableBeanFactory     : Overriding bean definition for bean 'beanNameViewResolver': replacing [Root bean: class [null]; scope=; abstract=false; lazyInit=false; autowireMode=3; dependencyCheck=0; autowireCandidate=true; primary=false; factoryBeanName=org.springframework.boot.autoconfigure.web.ErrorMvcAutoConfiguration$WhitelabelErrorViewConfiguration; factoryMethodName=beanNameViewResolver; initMethodName=null; destroyMethodName=(inferred); defined in class path resource [org/springframework/boot/autoconfigure/web/ErrorMvcAutoConfiguration$WhitelabelErrorViewConfiguration.class]] with [Root bean: class [null]; scope=; abstract=false; lazyInit=false; autowireMode=3; dependencyCheck=0; autowireCandidate=true; primary=false; factoryBeanName=org.springframework.boot.autoconfigure.web.WebMvcAutoConfiguration$WebMvcAutoConfigurationAdapter; factoryMethodName=beanNameViewResolver; initMethodName=null; destroyMethodName=(inferred); defined in class path resource [org/springframework/boot/autoconfigure/web/WebMvcAutoConfiguration$WebMvcAutoConfigurationAdapter.class]]
2015-06-11 00:35:40.960  INFO 5492 --- [    Test worker] trationDelegate$BeanPostProcessorChecker : Bean 'org.springframework.transaction.annotation.ProxyTransactionManagementConfiguration' of type [class org.springframework.transaction.annotation.ProxyTransactionManagementConfiguration$$EnhancerBySpringCGLIB$$10bd525f] is not eligible for getting processed by all BeanPostProcessors (for example: not eligible for auto-proxying)
2015-06-11 00:35:41.012  INFO 5492 --- [    Test worker] trationDelegate$BeanPostProcessorChecker : Bean 'transactionAttributeSource' of type [class org.springframework.transaction.annotation.AnnotationTransactionAttributeSource] is not eligible for getting processed by all BeanPostProcessors (for example: not eligible for auto-proxying)
2015-06-11 00:35:41.038  INFO 5492 --- [    Test worker] trationDelegate$BeanPostProcessorChecker : Bean 'transactionInterceptor' of type [class org.springframework.transaction.interceptor.TransactionInterceptor] is not eligible for getting processed by all BeanPostProcessors (for example: not eligible for auto-proxying)
2015-06-11 00:35:41.068  INFO 5492 --- [    Test worker] trationDelegate$BeanPostProcessorChecker : Bean 'org.springframework.transaction.config.internalTransactionAdvisor' of type [class org.springframework.transaction.interceptor.BeanFactoryTransactionAttributeSourceAdvisor] is not eligible for getting processed by all BeanPostProcessors (for example: not eligible for auto-proxying)
2015-06-11 00:35:42.419  INFO 5492 --- [    Test worker] j.LocalContainerEntityManagerFactoryBean : Building JPA container EntityManagerFactory for persistence unit 'default'
2015-06-11 00:35:42.451  INFO 5492 --- [    Test worker] o.hibernate.jpa.internal.util.LogHelper  : HHH000204: Processing PersistenceUnitInfo [
	name: default
	...]
2015-06-11 00:35:42.607  INFO 5492 --- [    Test worker] org.hibernate.Version                    : HHH000412: Hibernate Core {4.3.10.Final}
2015-06-11 00:35:42.607  INFO 5492 --- [    Test worker] org.hibernate.cfg.Environment            : HHH000206: hibernate.properties not found
2015-06-11 00:35:42.607  INFO 5492 --- [    Test worker] org.hibernate.cfg.Environment            : HHH000021: Bytecode provider name : javassist
2015-06-11 00:35:42.935  INFO 5492 --- [    Test worker] o.hibernate.annotations.common.Version   : HCANN000001: Hibernate Commons Annotations {4.0.5.Final}
2015-06-11 00:35:43.169  INFO 5492 --- [    Test worker] org.hibernate.dialect.Dialect            : HHH000400: Using dialect: org.hibernate.dialect.H2Dialect
2015-06-11 00:35:43.288  INFO 5492 --- [    Test worker] o.h.h.i.ast.ASTQueryTranslatorFactory    : HHH000397: Using ASTQueryTranslatorFactory
2015-06-11 00:35:43.487  INFO 5492 --- [    Test worker] org.hibernate.tool.hbm2ddl.SchemaExport  : HHH000227: Running hbm2ddl schema export
2015-06-11 00:35:43.487  INFO 5492 --- [    Test worker] org.hibernate.tool.hbm2ddl.SchemaExport  : HHH000230: Schema export complete
2015-06-11 00:35:45.405  INFO 5492 --- [    Test worker] s.w.s.m.m.a.RequestMappingHandlerAdapter : Looking for @ControllerAdvice: org.springframework.web.context.support.GenericWebApplicationContext@e583723: startup date [Thu Jun 11 00:35:37 CDT 2015]; root of context hierarchy
2015-06-11 00:35:45.856  INFO 5492 --- [    Test worker] s.w.s.m.m.a.RequestMappingHandlerMapping : Mapped "{[/removeUser/{userId}],methods=[POST],params=[],headers=[],consumes=[],produces=[],custom=[]}" onto public void springng.ApplicationController.deleteUser(java.lang.String)
2015-06-11 00:35:45.857  INFO 5492 --- [    Test worker] s.w.s.m.m.a.RequestMappingHandlerMapping : Mapped "{[/editUser/{userId}/{first}/{last}],methods=[POST],params=[],headers=[],consumes=[],produces=[],custom=[]}" onto public void springng.ApplicationController.updateUser(java.lang.String,java.lang.String,java.lang.String)
2015-06-11 00:35:45.858  INFO 5492 --- [    Test worker] s.w.s.m.m.a.RequestMappingHandlerMapping : Mapped "{[/users],methods=[GET],params=[],headers=[],consumes=[],produces=[],custom=[]}" onto public java.util.HashMap<java.lang.Long, springng.User> springng.ApplicationController.showUsers()
2015-06-11 00:35:45.858  INFO 5492 --- [    Test worker] s.w.s.m.m.a.RequestMappingHandlerMapping : Mapped "{[/users/{userId}],methods=[GET],params=[],headers=[],consumes=[],produces=[],custom=[]}" onto public springng.User springng.ApplicationController.showUsers(java.lang.String)
2015-06-11 00:35:45.859  INFO 5492 --- [    Test worker] s.w.s.m.m.a.RequestMappingHandlerMapping : Mapped "{[/addUser/{first}/{last}],methods=[POST],params=[],headers=[],consumes=[],produces=[],custom=[]}" onto public springng.User springng.ApplicationController.insertUser(java.lang.String,java.lang.String)
2015-06-11 00:35:45.859  INFO 5492 --- [    Test worker] s.w.s.m.m.a.RequestMappingHandlerMapping : Mapped "{[/addTask/{userId}/{task}],methods=[POST],params=[],headers=[],consumes=[],produces=[],custom=[]}" onto public springng.Task springng.ApplicationController.insertTask(java.lang.String,java.lang.String)
2015-06-11 00:35:45.860  INFO 5492 --- [    Test worker] s.w.s.m.m.a.RequestMappingHandlerMapping : Mapped "{[/removeTask/{taskId}],methods=[POST],params=[],headers=[],consumes=[],produces=[],custom=[]}" onto public void springng.ApplicationController.deleteTask(java.lang.String)
2015-06-11 00:35:45.864  INFO 5492 --- [    Test worker] s.w.s.m.m.a.RequestMappingHandlerMapping : Mapped "{[/error],methods=[],params=[],headers=[],consumes=[],produces=[],custom=[]}" onto public org.springframework.http.ResponseEntity<java.util.Map<java.lang.String, java.lang.Object>> org.springframework.boot.autoconfigure.web.BasicErrorController.error(javax.servlet.http.HttpServletRequest)
2015-06-11 00:35:45.865  INFO 5492 --- [    Test worker] s.w.s.m.m.a.RequestMappingHandlerMapping : Mapped "{[/error],methods=[],params=[],headers=[],consumes=[],produces=[text/html],custom=[]}" onto public org.springframework.web.servlet.ModelAndView org.springframework.boot.autoconfigure.web.BasicErrorController.errorHtml(javax.servlet.http.HttpServletRequest)
2015-06-11 00:35:45.933  INFO 5492 --- [    Test worker] o.s.w.s.handler.SimpleUrlHandlerMapping  : Mapped URL path [/webjars/**] onto handler of type [class org.springframework.web.servlet.resource.ResourceHttpRequestHandler]
2015-06-11 00:35:45.937  INFO 5492 --- [    Test worker] o.s.w.s.handler.SimpleUrlHandlerMapping  : Mapped URL path [/**] onto handler of type [class org.springframework.web.servlet.resource.ResourceHttpRequestHandler]
2015-06-11 00:35:46.061  INFO 5492 --- [    Test worker] o.s.w.s.handler.SimpleUrlHandlerMapping  : Mapped URL path [/**/favicon.ico] onto handler of type [class org.springframework.web.servlet.resource.ResourceHttpRequestHandler]
2015-06-11 00:35:46.462  INFO 5492 --- [    Test worker] springng.DemoSpringNgApplicationTests    : Started DemoSpringNgApplicationTests in 9.095 seconds (JVM running for 10.969)
]]></system-out>
  <system-err><![CDATA[]]></system-err>
</testsuite>
